<?xml version="1.0" encoding="UTF-8"?>
<!-- Generated by org.testng.reporters.JUnitReportReporter -->
<testsuite skipped="0" hostname="SSSPLHDC0000494" name="com.bobbibrown.testrunner.TestRunner" tests="1" failures="0" timestamp="16 Oct 2019 07:28:32 GMT" time="21.677" errors="0">
  <testcase name="scenario" time="21.677" classname="com.bobbibrown.testrunner.TestRunner"/>
</testsuite> <!-- com.bobbibrown.testrunner.TestRunner -->
