<?xml version="1.0" encoding="UTF-8"?>
<!-- Generated by org.testng.reporters.JUnitReportReporter -->
<testsuite skipped="0" hostname="SSSPLHDC0000494" name="com.bobbibrown.testrunner.TestRunner" tests="2" failures="0" timestamp="04 Oct 2019 11:20:09 GMT" time="82.869" errors="0">
  <testcase name="scenario" time="41.558" classname="com.bobbibrown.testrunner.TestRunner"/>
  <testcase name="scenario" time="41.311" classname="com.bobbibrown.testrunner.TestRunner"/>
</testsuite> <!-- com.bobbibrown.testrunner.TestRunner -->
